
R version 3.6.1 (2019-07-05) -- "Action of the Toes"
Copyright (C) 2019 The R Foundation for Statistical Computing
Platform: x86_64-pc-linux-gnu (64-bit)

R is free software and comes with ABSOLUTELY NO WARRANTY.
You are welcome to redistribute it under certain conditions.
Type 'license()' or 'licence()' for distribution details.

  Natural language support but running in an English locale

R is a collaborative project with many contributors.
Type 'contributors()' for more information and
'citation()' on how to cite R or R packages in publications.

Type 'demo()' for some demos, 'help()' for on-line help, or
'help.start()' for an HTML browser interface to help.
Type 'q()' to quit R.

> #Read in command line arguments as list of character vectors
> args=(commandArgs(TRUE))
> 
> #Check if arguments are passed and cycle through to evaluate each element
> if(length(args)==0){
+   print("No arguments supplied.")
+   #supply default values
+   assign="stage"
+ }else{
+   for(i in 1:length(args)){
+     eval(parse(text=args[[i]]))
+   }
+ }
> print(paste0("cell assignment: ",assign))
[1] "cell assignment: adhoc"
> 
> #Load libraries
> library(Seurat)
> library(stringr)
> 
> #Load data
> data.dir <- "./../data/h.data.anno.rds"
> data <- readRDS(data.dir)
> 
> print(data.dir)
[1] "./../data/h.data.anno.rds"
> data
An object of class Seurat 
28278 features across 47410 samples within 1 assay 
Active assay: RNA (28278 features, 0 variable features)
> 
> #Define pseudobulk function
> runPSEUDO <- function(dataSub, cell.assign, cell.subset) {
+ 
+   #make pseudocount data
+   counts <- c()
+   metadata <- c()
+   labels <- c()
+   for (i in unique(dataSub@meta.data$Individual.Replicate)) {
+     x.lab <- i
+     w <- which(dataSub@meta.data$Individual.Replicate==i)
+     if (length(w)>0) {
+       x.spp <- dataSub@meta.data$Species[w][1]
+       x.col <- dataSub@meta.data$Collection[w][1]
+       x.ind <- dataSub@meta.data$Individual[w][1]
+       x.rep <- dataSub@meta.data$Replicate[w][1]
+       if (length(w)==1) {
+         x.cnt <- dataSub@assays$RNA@counts[,w]
+       } else {
+         x.cnt <- Matrix::rowSums(dataSub@assays$RNA@counts[,w])
+       }
+       counts <- cbind(counts, x.cnt)
+       metadata <- rbind(metadata, c(x.lab, x.spp, x.col, x.ind, x.rep))
+       labels <- c(labels, x.lab)
+     }
+   }
+   colnames(counts) <- labels
+   rownames(metadata) <- labels
+   colnames(metadata) <- c("Individual.Replicate","Species","Collection","Individual","Replicate")
+   metadata <- as.data.frame(metadata)
+   rm(labels)
+ 
+   ##make edgeR object
+   #dge <- DGEList(counts)
+   #meta_dge <- dge$samples[,c("lib.size","norm.factors")]
+   #meta_dge <- cbind(meta_dge, metadata)
+   #dge$samples <- meta_dge
+   #rm(dataSub,counts,metadata,meta_dge)
+ 
+   return(counts)
+ 
+ }
> 
> #Find differentially expressed genes for different cell assignment subtypes
> if (assign=="stage") {
+   subset.list <- list(stage=list("stage-Time 0",
+                                  "stage-Time 1",
+                                  "stage-Time 2"))
+ }
> if (assign=="cluster0.05") {
+   subset.list <- list(clust=list("cluster0.05-iPSC.c1",
+                                  "cluster0.05-iPSC.c2",
+                                  "cluster0.05-iPSC.c3",
+                                  "cluster0.05-MSC.c1",
+                                  "cluster0.05-Osteogenic.c1",
+                                  "cluster0.05-Osteogenic.c2"))
+ }
> if (assign=="adhoc") {
+   subset.list <- list(adhoc=list("adhoc-iPSC",
+                                  "adhoc-MSC",
+                                  "adhoc-Osteogenic"))
+ }
> if (assign=="cluster0.50") {
+   subset.list <- list(clust=list("cluster0.50-iPSC.c1",
+                                  "cluster0.50-iPSC.c2",
+                                  "cluster0.50-iPSC.c3",
+                                  "cluster0.50-iPSC.c4",
+                                  "cluster0.50-iPSC.c5",
+                                  "cluster0.50-iPSC.c6",
+                                  "cluster0.50-iPSC.c7",
+                                  "cluster0.50-iPSC.c8",
+                                  "cluster0.50-MSC.c1",
+                                  "cluster0.50-MSC.c2",
+                                  "cluster0.50-MSC.c3",
+                                  "cluster0.50-MSC.c4",
+                                  "cluster0.50-Osteogenic.c1",
+                                  "cluster0.50-Osteogenic.c2",
+                                  "cluster0.50-Osteogenic.c3",
+                                  "cluster0.50-Osteogenic.c4"))
+ }
> if (assign=="ostadhoc") {
+   subset.list <- list(ostadhoc=list("ostadhoc-preosteoblast",
+                                     "ostadhoc-osteoblast",
+                                     "ostadhoc-embedding osteoblast",
+                                     "ostadhoc-mineralizing osteoblast",
+                                     "ostadhoc-maturing osteocyte"))
+ }
> 
> for (i in subset.list) {
+ 
+   for (j in i) {
+ 
+     print(j)
+ 
+     #define cell assignment and subtype of interest
+     cell.assign <- str_split(j,"-")[[1]][1]
+     cell.subset <- str_split(j,"-")[[1]][2]
+ 
+     #define data subset
+     if(cell.assign=="stage")             { dataSub <- subset(data,subset=Stage==cell.subset) }
+     if(cell.assign=="cluster0.05")       { dataSub <- subset(data,subset=Cluster0.05==cell.subset) }
+     if(cell.assign=="adhoc")             { dataSub <- subset(data,subset=AdHoc.Assign.thresh0==cell.subset) }
+     if(cell.assign=="cluster0.50")       { dataSub <- subset(data,subset=Cluster0.50==cell.subset) }
+     if(cell.assign=="ostadhoc")          { dataSub <- subset(data,subset=OstAdHoc.Assign.4gene.thresh0==cell.subset) }
+ 
+     pseudo <- runPSEUDO(dataSub=dataSub,
+                         cell.assign=cell.assign,
+                         cell.subset=cell.subset)
+ 
+     #print(pseudo[1:3,1:5])
+ 
+     saveRDS(pseudo, file=paste0("./../data/pseudobulk/pseudobulk.",cell.assign,".",cell.subset,".rds"))
+ 
+     write.table(pseudo,
+                 file=paste0("./../data/pseudobulk/pseudobulk.",cell.assign,".",cell.subset,".csv"),
+                 sep=',',
+                 row.names=T,
+                 col.names=T,
+                 quote=F)
+ 
+   }
+ 
+ }
[1] "adhoc-iPSC"
[1] "adhoc-MSC"
[1] "adhoc-Osteogenic"
> 
> proc.time()
   user  system elapsed 
 43.134  10.516  55.334 
